Determining if the epoll_pwait2 exist failed with the following output:
Change Dir: /home/guaua/Desktop/co_https/build/CMakeFiles/CMakeTmp

Run Build Command(s):/usr/bin/make cmTC_de4a3/fast && /usr/bin/make -f CMakeFiles/cmTC_de4a3.dir/build.make CMakeFiles/cmTC_de4a3.dir/build
make[1]: 进入目录“/home/guaua/Desktop/co_https/build/CMakeFiles/CMakeTmp”
Building CXX object CMakeFiles/cmTC_de4a3.dir/CheckSymbolExists.cxx.o
/usr/bin/c++    -std=gnu++17 -o CMakeFiles/cmTC_de4a3.dir/CheckSymbolExists.cxx.o -c /home/guaua/Desktop/co_https/build/CMakeFiles/CMakeTmp/CheckSymbolExists.cxx
/home/guaua/Desktop/co_https/build/CMakeFiles/CMakeTmp/CheckSymbolExists.cxx: In function ‘int main(int, char**)’:
/home/guaua/Desktop/co_https/build/CMakeFiles/CMakeTmp/CheckSymbolExists.cxx:8:19: error: ‘epoll_pwait2’ was not declared in this scope; did you mean ‘epoll_pwait’?
    8 |   return ((int*)(&epoll_pwait2))[argc];
      |                   ^~~~~~~~~~~~
      |                   epoll_pwait
make[1]: *** [CMakeFiles/cmTC_de4a3.dir/build.make:66：CMakeFiles/cmTC_de4a3.dir/CheckSymbolExists.cxx.o] 错误 1
make[1]: 离开目录“/home/guaua/Desktop/co_https/build/CMakeFiles/CMakeTmp”
make: *** [Makefile:121：cmTC_de4a3/fast] 错误 2


File /home/guaua/Desktop/co_https/build/CMakeFiles/CMakeTmp/CheckSymbolExists.cxx:
/* */
#include <sys/epoll.h>

int main(int argc, char** argv)
{
  (void)argv;
#ifndef epoll_pwait2
  return ((int*)(&epoll_pwait2))[argc];
#else
  (void)argc;
  return 0;
#endif
}
Performing C++ SOURCE FILE Test CMAKE_HAVE_LIBC_PTHREAD failed with the following output:
Change Dir: /home/guaua/Desktop/co_https/build/CMakeFiles/CMakeTmp

Run Build Command(s):/usr/bin/make cmTC_18f02/fast && /usr/bin/make -f CMakeFiles/cmTC_18f02.dir/build.make CMakeFiles/cmTC_18f02.dir/build
make[1]: 进入目录“/home/guaua/Desktop/co_https/build/CMakeFiles/CMakeTmp”
Building CXX object CMakeFiles/cmTC_18f02.dir/src.cxx.o
/usr/bin/c++    -DCMAKE_HAVE_LIBC_PTHREAD   -std=gnu++17 -o CMakeFiles/cmTC_18f02.dir/src.cxx.o -c /home/guaua/Desktop/co_https/build/CMakeFiles/CMakeTmp/src.cxx
Linking CXX executable cmTC_18f02
/usr/bin/cmake -E cmake_link_script CMakeFiles/cmTC_18f02.dir/link.txt --verbose=1
/usr/bin/c++   -DCMAKE_HAVE_LIBC_PTHREAD    CMakeFiles/cmTC_18f02.dir/src.cxx.o  -o cmTC_18f02 
/usr/bin/ld: CMakeFiles/cmTC_18f02.dir/src.cxx.o: in function `main':
src.cxx:(.text+0x46): undefined reference to `pthread_create'
/usr/bin/ld: src.cxx:(.text+0x52): undefined reference to `pthread_detach'
/usr/bin/ld: src.cxx:(.text+0x63): undefined reference to `pthread_join'
collect2: error: ld returned 1 exit status
make[1]: *** [CMakeFiles/cmTC_18f02.dir/build.make:87：cmTC_18f02] 错误 1
make[1]: 离开目录“/home/guaua/Desktop/co_https/build/CMakeFiles/CMakeTmp”
make: *** [Makefile:121：cmTC_18f02/fast] 错误 2


Source file was:
#include <pthread.h>

void* test_func(void* data)
{
  return data;
}

int main(void)
{
  pthread_t thread;
  pthread_create(&thread, NULL, test_func, NULL);
  pthread_detach(thread);
  pthread_join(thread, NULL);
  pthread_atfork(NULL, NULL, NULL);
  pthread_exit(NULL);

  return 0;
}

Determining if the function pthread_create exists in the pthreads failed with the following output:
Change Dir: /home/guaua/Desktop/co_https/build/CMakeFiles/CMakeTmp

Run Build Command(s):/usr/bin/make cmTC_505f5/fast && /usr/bin/make -f CMakeFiles/cmTC_505f5.dir/build.make CMakeFiles/cmTC_505f5.dir/build
make[1]: 进入目录“/home/guaua/Desktop/co_https/build/CMakeFiles/CMakeTmp”
Building CXX object CMakeFiles/cmTC_505f5.dir/CheckFunctionExists.cxx.o
/usr/bin/c++    -DCHECK_FUNCTION_EXISTS=pthread_create   -std=gnu++17 -o CMakeFiles/cmTC_505f5.dir/CheckFunctionExists.cxx.o -c /home/guaua/Desktop/co_https/build/CMakeFiles/CheckLibraryExists/CheckFunctionExists.cxx
Linking CXX executable cmTC_505f5
/usr/bin/cmake -E cmake_link_script CMakeFiles/cmTC_505f5.dir/link.txt --verbose=1
/usr/bin/c++   -DCHECK_FUNCTION_EXISTS=pthread_create    CMakeFiles/cmTC_505f5.dir/CheckFunctionExists.cxx.o  -o cmTC_505f5  -lpthreads 
/usr/bin/ld: 找不到 -lpthreads
collect2: error: ld returned 1 exit status
make[1]: *** [CMakeFiles/cmTC_505f5.dir/build.make:87：cmTC_505f5] 错误 1
make[1]: 离开目录“/home/guaua/Desktop/co_https/build/CMakeFiles/CMakeTmp”
make: *** [Makefile:121：cmTC_505f5/fast] 错误 2



